<?xml version="1.0" encoding="UTF-8"?>
<!-- Generated by org.testng.reporters.JUnitReportReporter -->
<testsuite hostname="Brians-MacBook-Pro-2.local" name="MyClassIntegrationTest" tests="1" failures="0" timestamp="28 Mar 2016 20:42:40 GMT" time="0.328" errors="0">
  <testcase name="simple" time="0.328" classname="MyClassIntegrationTest"/>
</testsuite> <!-- MyClassIntegrationTest -->
